0 info it worked if it ends with ok
1 verbose cli [ 'C:\\Program Files\\nodejs\\node.exe',
1 verbose cli   'C:\\Program Files\\nodejs\\node_modules\\npm\\bin\\npm-cli.js',
1 verbose cli   'start' ]
2 info using npm@3.10.10
3 info using node@v6.10.3
4 verbose run-script [ 'prestart', 'start', 'poststart' ]
5 info lifecycle fennec-freelance@1.0.0~prestart: fennec-freelance@1.0.0
6 verbose lifecycle fennec-freelance@1.0.0~prestart: unsafe-perm in lifecycle true
7 verbose lifecycle fennec-freelance@1.0.0~prestart: PATH: C:\Program Files\nodejs\node_modules\npm\bin\node-gyp-bin;C:\Users\Mehdiana\Desktop\FreeLancer\node_modules\.bin;C:\ProgramData\Oracle\Java\javapath;C:\Windows\system32;C:\Windows;C:\Windows\System32\Wbem;C:\Windows\System32\WindowsPowerShell\v1.0\;C:\Program Files (x86)\NVIDIA Corporation\PhysX\Common;C:\Program Files (x86)\Heroku\bin;C:\Program Files (x86)\git\cmd;C:\Program Files (x86)\Git\cmd;C:\Program Files\Java\jre1.8.0_111\bin;C:\Program Files\Java\jdk1.8.0_111\bin;C:\Program Files\Java\jre6\bin;C:\Program Files (x86)\GtkSharp\2.12\bin;C:\Program Files\dotnet\;C:\Program Files\MongoDB\Server\3.4\bin;C:\Program Files\nodejs\;C:\Program Files\Redis\;C:\Users\Mehdiana\AppData\Local\.meteor\;C:\Ruby23-x64\bin;C:\Users\Mehdiana\AppData\Local\Microsoft\WindowsApps;C:\Program Files (x86)\Microsoft VS Code\bin;C:\Program Files\Java\jre1.8.0_112\bin;C:\Program Files\Java\jdk1.8.0_111\bin;C:\Program Files\Java\jre6\bin;C:\Program Files\MongoDB\Server\3.4\bin;C:\Users\Mehdiana\AppData\Roaming\npm;C:\Program Files\Redis;C:\Users\Mehdiana\AppData\Local\atom\bin;C:\Users\Mehdiana\AppData\Local\.meteor\
8 verbose lifecycle fennec-freelance@1.0.0~prestart: CWD: C:\Users\Mehdiana\Desktop\FreeLancer
9 silly lifecycle fennec-freelance@1.0.0~prestart: Args: [ '/d /s /c', 'start mongod' ]
10 silly lifecycle fennec-freelance@1.0.0~prestart: Returned: code: 0  signal: null
11 info lifecycle fennec-freelance@1.0.0~start: fennec-freelance@1.0.0
12 verbose lifecycle fennec-freelance@1.0.0~start: unsafe-perm in lifecycle true
13 verbose lifecycle fennec-freelance@1.0.0~start: PATH: C:\Program Files\nodejs\node_modules\npm\bin\node-gyp-bin;C:\Users\Mehdiana\Desktop\FreeLancer\node_modules\.bin;C:\ProgramData\Oracle\Java\javapath;C:\Windows\system32;C:\Windows;C:\Windows\System32\Wbem;C:\Windows\System32\WindowsPowerShell\v1.0\;C:\Program Files (x86)\NVIDIA Corporation\PhysX\Common;C:\Program Files (x86)\Heroku\bin;C:\Program Files (x86)\git\cmd;C:\Program Files (x86)\Git\cmd;C:\Program Files\Java\jre1.8.0_111\bin;C:\Program Files\Java\jdk1.8.0_111\bin;C:\Program Files\Java\jre6\bin;C:\Program Files (x86)\GtkSharp\2.12\bin;C:\Program Files\dotnet\;C:\Program Files\MongoDB\Server\3.4\bin;C:\Program Files\nodejs\;C:\Program Files\Redis\;C:\Users\Mehdiana\AppData\Local\.meteor\;C:\Ruby23-x64\bin;C:\Users\Mehdiana\AppData\Local\Microsoft\WindowsApps;C:\Program Files (x86)\Microsoft VS Code\bin;C:\Program Files\Java\jre1.8.0_112\bin;C:\Program Files\Java\jdk1.8.0_111\bin;C:\Program Files\Java\jre6\bin;C:\Program Files\MongoDB\Server\3.4\bin;C:\Users\Mehdiana\AppData\Roaming\npm;C:\Program Files\Redis;C:\Users\Mehdiana\AppData\Local\atom\bin;C:\Users\Mehdiana\AppData\Local\.meteor\
14 verbose lifecycle fennec-freelance@1.0.0~start: CWD: C:\Users\Mehdiana\Desktop\FreeLancer
15 silly lifecycle fennec-freelance@1.0.0~start: Args: [ '/d /s /c', 'nodemon app' ]
16 silly lifecycle fennec-freelance@1.0.0~start: Returned: code: 3221225786  signal: null
17 info lifecycle fennec-freelance@1.0.0~start: Failed to exec start script
18 verbose stack Error: fennec-freelance@1.0.0 start: `nodemon app`
18 verbose stack Exit status 3221225786
18 verbose stack     at EventEmitter.<anonymous> (C:\Program Files\nodejs\node_modules\npm\lib\utils\lifecycle.js:255:16)
18 verbose stack     at emitTwo (events.js:106:13)
18 verbose stack     at EventEmitter.emit (events.js:191:7)
18 verbose stack     at ChildProcess.<anonymous> (C:\Program Files\nodejs\node_modules\npm\lib\utils\spawn.js:40:14)
18 verbose stack     at emitTwo (events.js:106:13)
18 verbose stack     at ChildProcess.emit (events.js:191:7)
18 verbose stack     at maybeClose (internal/child_process.js:886:16)
18 verbose stack     at Process.ChildProcess._handle.onexit (internal/child_process.js:226:5)
19 verbose pkgid fennec-freelance@1.0.0
20 verbose cwd C:\Users\Mehdiana\Desktop\FreeLancer
21 error Windows_NT 10.0.14393
22 error argv "C:\\Program Files\\nodejs\\node.exe" "C:\\Program Files\\nodejs\\node_modules\\npm\\bin\\npm-cli.js" "start"
23 error node v6.10.3
24 error npm  v3.10.10
25 error code ELIFECYCLE
26 error fennec-freelance@1.0.0 start: `nodemon app`
26 error Exit status 3221225786
27 error Failed at the fennec-freelance@1.0.0 start script 'nodemon app'.
27 error Make sure you have the latest version of node.js and npm installed.
27 error If you do, this is most likely a problem with the fennec-freelance package,
27 error not with npm itself.
27 error Tell the author that this fails on your system:
27 error     nodemon app
27 error You can get information on how to open an issue for this project with:
27 error     npm bugs fennec-freelance
27 error Or if that isn't available, you can get their info via:
27 error     npm owner ls fennec-freelance
27 error There is likely additional logging output above.
28 verbose exit [ 1, true ]
